[INFO]2022-06-28 11:09:23,330 - Starting KapoktplsApplication using Java 14.0.2 on LAPTOP-OK5VNAG7 with PID 15920 (D:\Desktop\大三下\毕业实习\KAPOKTPLS1\target\classes started by 86173 in D:\Desktop\大三下\毕业实习\KAPOKTPLS1)
[INFO]2022-06-28 11:09:23,335 - No active profile set, falling back to 1 default profile: "default"
[INFO]2022-06-28 11:09:23,574 - Devtools property defaults active! Set 'spring.devtools.add-properties' to 'false' to disable
[INFO]2022-06-28 11:09:23,576 - For additional web related logging consider setting the 'logging.level.web' property to 'DEBUG'
[INFO]2022-06-28 11:09:31,793 - Tomcat initialized with port(s): 8080 (http)
[INFO]2022-06-28 11:09:31,822 - Initializing ProtocolHandler ["http-nio-8080"]
[INFO]2022-06-28 11:09:31,825 - Starting service [Tomcat]
[INFO]2022-06-28 11:09:31,825 - Starting Servlet engine: [Apache Tomcat/9.0.63]
[INFO]2022-06-28 11:09:32,107 - Initializing Spring embedded WebApplicationContext
[INFO]2022-06-28 11:09:32,107 - Root WebApplicationContext: initialization completed in 8528 ms
[INFO]2022-06-28 11:09:37,113 - LiveReload server is running on port 35729
[INFO]2022-06-28 11:09:37,161 - Starting ProtocolHandler ["http-nio-8080"]
[INFO]2022-06-28 11:09:37,242 - Tomcat started on port(s): 8080 (http) with context path ''
[INFO]2022-06-28 11:09:37,323 - Started KapoktplsApplication in 15.791 seconds (JVM running for 19.745)
[INFO]2022-06-28 11:10:17,266 - Initializing Spring DispatcherServlet 'dispatcherServlet'
[INFO]2022-06-28 11:10:17,267 - Initializing Servlet 'dispatcherServlet'
[INFO]2022-06-28 11:10:17,270 - Completed initialization in 3 ms
[INFO]2022-06-28 11:10:20,440 - Init duration for springdoc-openapi is: 2215 ms
[WARN]2022-06-28 11:12:29,376 - Resolved [org.springframework.web.HttpRequestMethodNotSupportedException: Request method 'GET' not supported]
[INFO]2022-06-28 11:12:34,781 - HikariPool-1 - Starting...
[INFO]2022-06-28 11:12:35,004 - HikariPool-1 - Start completed.
[INFO]2022-06-28 11:25:47,927 - HikariPool-1 - Shutdown initiated...
[INFO]2022-06-28 11:25:47,944 - HikariPool-1 - Shutdown completed.
[INFO]2022-06-28 11:26:36,062 - Starting KapoktplsApplication using Java 14.0.2 on LAPTOP-OK5VNAG7 with PID 9244 (D:\Desktop\大三下\毕业实习\KAPOKTPLS1\target\classes started by 86173 in D:\Desktop\大三下\毕业实习\KAPOKTPLS1)
[INFO]2022-06-28 11:26:36,066 - No active profile set, falling back to 1 default profile: "default"
[INFO]2022-06-28 11:26:36,264 - Devtools property defaults active! Set 'spring.devtools.add-properties' to 'false' to disable
[INFO]2022-06-28 11:26:36,265 - For additional web related logging consider setting the 'logging.level.web' property to 'DEBUG'
[INFO]2022-06-28 11:26:39,248 - Tomcat initialized with port(s): 8080 (http)
[INFO]2022-06-28 11:26:39,265 - Initializing ProtocolHandler ["http-nio-8080"]
[INFO]2022-06-28 11:26:39,266 - Starting service [Tomcat]
[INFO]2022-06-28 11:26:39,266 - Starting Servlet engine: [Apache Tomcat/9.0.63]
[INFO]2022-06-28 11:26:39,444 - Initializing Spring embedded WebApplicationContext
[INFO]2022-06-28 11:26:39,445 - Root WebApplicationContext: initialization completed in 3178 ms
[INFO]2022-06-28 11:26:42,599 - LiveReload server is running on port 35729
[INFO]2022-06-28 11:26:42,650 - Starting ProtocolHandler ["http-nio-8080"]
[INFO]2022-06-28 11:26:42,734 - Tomcat started on port(s): 8080 (http) with context path ''
[INFO]2022-06-28 11:26:42,818 - Started KapoktplsApplication in 8.578 seconds (JVM running for 11.742)
[INFO]2022-06-28 11:27:03,431 - Initializing Spring DispatcherServlet 'dispatcherServlet'
[INFO]2022-06-28 11:27:03,432 - Initializing Servlet 'dispatcherServlet'
[INFO]2022-06-28 11:27:03,433 - Completed initialization in 1 ms
[INFO]2022-06-28 11:27:05,446 - Init duration for springdoc-openapi is: 1680 ms
[WARN]2022-06-28 11:27:43,639 - Resolved [org.springframework.http.converter.HttpMessageNotReadableException: JSON parse error: Unexpected character (',' (code 44)): expected a value; nested exception is com.fasterxml.jackson.core.JsonParseException: Unexpected character (',' (code 44)): expected a value<EOL> at [Source: (org.springframework.util.StreamUtils$NonClosingInputStream); line: 2, column: 17]]
[INFO]2022-06-28 11:28:14,655 - HikariPool-1 - Starting...
[INFO]2022-06-28 11:28:16,800 - HikariPool-1 - Start completed.
[INFO]2022-06-28 11:32:59,544 - HikariPool-1 - Shutdown initiated...
[INFO]2022-06-28 11:32:59,578 - HikariPool-1 - Shutdown completed.
[INFO]2022-06-28 12:24:01,128 - Starting KapoktplsApplication using Java 14.0.2 on LAPTOP-OK5VNAG7 with PID 9968 (D:\Desktop\大三下\毕业实习\KAPOKTPLS1\target\classes started by 86173 in D:\Desktop\大三下\毕业实习\KAPOKTPLS1)
[INFO]2022-06-28 12:24:01,129 - No active profile set, falling back to 1 default profile: "default"
[INFO]2022-06-28 12:24:01,197 - Devtools property defaults active! Set 'spring.devtools.add-properties' to 'false' to disable
[INFO]2022-06-28 12:24:01,197 - For additional web related logging consider setting the 'logging.level.web' property to 'DEBUG'
[INFO]2022-06-28 12:24:02,421 - Tomcat initialized with port(s): 8080 (http)
[INFO]2022-06-28 12:24:02,428 - Initializing ProtocolHandler ["http-nio-8080"]
[INFO]2022-06-28 12:24:02,429 - Starting service [Tomcat]
[INFO]2022-06-28 12:24:02,429 - Starting Servlet engine: [Apache Tomcat/9.0.63]
[INFO]2022-06-28 12:24:02,507 - Initializing Spring embedded WebApplicationContext
[INFO]2022-06-28 12:24:02,508 - Root WebApplicationContext: initialization completed in 1310 ms
[INFO]2022-06-28 12:24:03,702 - LiveReload server is running on port 35729
[INFO]2022-06-28 12:24:03,717 - Starting ProtocolHandler ["http-nio-8080"]
[INFO]2022-06-28 12:24:03,741 - Tomcat started on port(s): 8080 (http) with context path ''
[INFO]2022-06-28 12:24:03,778 - Started KapoktplsApplication in 3.266 seconds (JVM running for 4.787)
[INFO]2022-06-28 12:24:08,194 - Initializing Spring DispatcherServlet 'dispatcherServlet'
[INFO]2022-06-28 12:24:08,194 - Initializing Servlet 'dispatcherServlet'
[INFO]2022-06-28 12:24:08,195 - Completed initialization in 1 ms
[INFO]2022-06-28 12:24:09,182 - Init duration for springdoc-openapi is: 626 ms
[INFO]2022-06-28 12:24:39,944 - HikariPool-1 - Starting...
[INFO]2022-06-28 12:24:42,747 - HikariPool-1 - Start completed.
[INFO]2022-06-28 12:28:26,603 - HikariPool-1 - Shutdown initiated...
[INFO]2022-06-28 12:28:26,610 - HikariPool-1 - Shutdown completed.
[INFO]2022-06-28 12:28:32,513 - Starting KapoktplsApplication using Java 14.0.2 on LAPTOP-OK5VNAG7 with PID 10824 (D:\Desktop\大三下\毕业实习\KAPOKTPLS1\target\classes started by 86173 in D:\Desktop\大三下\毕业实习\KAPOKTPLS1)
[INFO]2022-06-28 12:28:32,514 - No active profile set, falling back to 1 default profile: "default"
[INFO]2022-06-28 12:28:32,574 - Devtools property defaults active! Set 'spring.devtools.add-properties' to 'false' to disable
[INFO]2022-06-28 12:28:32,575 - For additional web related logging consider setting the 'logging.level.web' property to 'DEBUG'
[INFO]2022-06-28 12:28:33,696 - Tomcat initialized with port(s): 8080 (http)
[INFO]2022-06-28 12:28:33,704 - Initializing ProtocolHandler ["http-nio-8080"]
[INFO]2022-06-28 12:28:33,704 - Starting service [Tomcat]
[INFO]2022-06-28 12:28:33,704 - Starting Servlet engine: [Apache Tomcat/9.0.63]
[INFO]2022-06-28 12:28:33,777 - Initializing Spring embedded WebApplicationContext
[INFO]2022-06-28 12:28:33,777 - Root WebApplicationContext: initialization completed in 1202 ms
[INFO]2022-06-28 12:28:35,006 - LiveReload server is running on port 35729
[INFO]2022-06-28 12:28:35,021 - Starting ProtocolHandler ["http-nio-8080"]
[INFO]2022-06-28 12:28:35,044 - Tomcat started on port(s): 8080 (http) with context path ''
[INFO]2022-06-28 12:28:35,068 - Started KapoktplsApplication in 2.971 seconds (JVM running for 3.703)
[INFO]2022-06-28 12:28:41,982 - Initializing Spring DispatcherServlet 'dispatcherServlet'
[INFO]2022-06-28 12:28:41,983 - Initializing Servlet 'dispatcherServlet'
[INFO]2022-06-28 12:28:41,984 - Completed initialization in 1 ms
[INFO]2022-06-28 12:28:42,939 - Init duration for springdoc-openapi is: 629 ms
[INFO]2022-06-28 12:30:12,392 - Starting KapoktplsApplication using Java 14.0.2 on LAPTOP-OK5VNAG7 with PID 12792 (D:\Desktop\大三下\毕业实习\KAPOKTPLS1\target\classes started by 86173 in D:\Desktop\大三下\毕业实习\KAPOKTPLS1)
[INFO]2022-06-28 12:30:12,393 - No active profile set, falling back to 1 default profile: "default"
[INFO]2022-06-28 12:30:12,436 - Devtools property defaults active! Set 'spring.devtools.add-properties' to 'false' to disable
[INFO]2022-06-28 12:30:12,437 - For additional web related logging consider setting the 'logging.level.web' property to 'DEBUG'
[INFO]2022-06-28 12:30:13,723 - Tomcat initialized with port(s): 8080 (http)
[INFO]2022-06-28 12:30:13,729 - Initializing ProtocolHandler ["http-nio-8080"]
[INFO]2022-06-28 12:30:13,730 - Starting service [Tomcat]
[INFO]2022-06-28 12:30:13,730 - Starting Servlet engine: [Apache Tomcat/9.0.63]
[INFO]2022-06-28 12:30:13,813 - Initializing Spring embedded WebApplicationContext
[INFO]2022-06-28 12:30:13,813 - Root WebApplicationContext: initialization completed in 1376 ms
[INFO]2022-06-28 12:30:15,076 - LiveReload server is running on port 35729
[INFO]2022-06-28 12:30:15,093 - Starting ProtocolHandler ["http-nio-8080"]
[INFO]2022-06-28 12:30:15,117 - Tomcat started on port(s): 8080 (http) with context path ''
[INFO]2022-06-28 12:30:15,148 - Started KapoktplsApplication in 3.229 seconds (JVM running for 3.998)
[INFO]2022-06-28 12:30:27,111 - Initializing Spring DispatcherServlet 'dispatcherServlet'
[INFO]2022-06-28 12:30:27,112 - Initializing Servlet 'dispatcherServlet'
[INFO]2022-06-28 12:30:27,113 - Completed initialization in 1 ms
[INFO]2022-06-28 12:30:28,078 - Init duration for springdoc-openapi is: 637 ms
[ERROR]2022-06-28 12:31:09,358 - Servlet.service() for servlet [dispatcherServlet] in context with path [] threw exception [Request processing failed; nested exception is org.apache.ibatis.binding.BindingException: Invalid bound statement (not found): com.cqu.kapok.kapoktpls.dao.CertificateDao.queryAll] with root cause
org.apache.ibatis.binding.BindingException: Invalid bound statement (not found): com.cqu.kapok.kapoktpls.dao.CertificateDao.queryAll
	at org.apache.ibatis.binding.MapperMethod$SqlCommand.<init>(MapperMethod.java:235)
	at org.apache.ibatis.binding.MapperMethod.<init>(MapperMethod.java:53)
	at org.apache.ibatis.binding.MapperProxy.lambda$cachedInvoker$0(MapperProxy.java:108)
	at java.base/java.util.concurrent.ConcurrentHashMap.computeIfAbsent(ConcurrentHashMap.java:1708)
	at org.apache.ibatis.util.MapUtil.computeIfAbsent(MapUtil.java:35)
	at org.apache.ibatis.binding.MapperProxy.cachedInvoker(MapperProxy.java:95)
	at org.apache.ibatis.binding.MapperProxy.invoke(MapperProxy.java:86)
	at com.sun.proxy.$Proxy83.queryAll(Unknown Source)
	at com.cqu.kapok.kapoktpls.service.impl.CertificateServiceImpl.queryAll(CertificateServiceImpl.java:88)
	at com.cqu.kapok.kapoktpls.controller.CertificateController.queryByCertificate(CertificateController.java:91)
	at java.base/jdk.internal.reflect.NativeMethodAccessorImpl.invoke0(Native Method)
	at java.base/jdk.internal.reflect.NativeMethodAccessorImpl.invoke(NativeMethodAccessorImpl.java:62)
	at java.base/jdk.internal.reflect.DelegatingMethodAccessorImpl.invoke(DelegatingMethodAccessorImpl.java:43)
	at java.base/java.lang.reflect.Method.invoke(Method.java:564)
	at org.springframework.web.method.support.InvocableHandlerMethod.doInvoke(InvocableHandlerMethod.java:205)
	at org.springframework.web.method.support.InvocableHandlerMethod.invokeForRequest(InvocableHandlerMethod.java:150)
	at org.springframework.web.servlet.mvc.method.annotation.ServletInvocableHandlerMethod.invokeAndHandle(ServletInvocableHandlerMethod.java:117)
	at org.springframework.web.servlet.mvc.method.annotation.RequestMappingHandlerAdapter.invokeHandlerMethod(RequestMappingHandlerAdapter.java:895)
	at org.springframework.web.servlet.mvc.method.annotation.RequestMappingHandlerAdapter.handleInternal(RequestMappingHandlerAdapter.java:808)
	at org.springframework.web.servlet.mvc.method.AbstractHandlerMethodAdapter.handle(AbstractHandlerMethodAdapter.java:87)
	at org.springframework.web.servlet.DispatcherServlet.doDispatch(DispatcherServlet.java:1067)
	at org.springframework.web.servlet.DispatcherServlet.doService(DispatcherServlet.java:963)
	at org.springframework.web.servlet.FrameworkServlet.processRequest(FrameworkServlet.java:1006)
	at org.springframework.web.servlet.FrameworkServlet.doPost(FrameworkServlet.java:909)
	at javax.servlet.http.HttpServlet.service(HttpServlet.java:681)
	at org.springframework.web.servlet.FrameworkServlet.service(FrameworkServlet.java:883)
	at javax.servlet.http.HttpServlet.service(HttpServlet.java:764)
	at org.apache.catalina.core.ApplicationFilterChain.internalDoFilter(ApplicationFilterChain.java:227)
	at org.apache.catalina.core.ApplicationFilterChain.doFilter(ApplicationFilterChain.java:162)
	at org.apache.tomcat.websocket.server.WsFilter.doFilter(WsFilter.java:53)
	at org.apache.catalina.core.ApplicationFilterChain.internalDoFilter(ApplicationFilterChain.java:189)
	at org.apache.catalina.core.ApplicationFilterChain.doFilter(ApplicationFilterChain.java:162)
	at org.springframework.web.filter.RequestContextFilter.doFilterInternal(RequestContextFilter.java:100)
	at org.springframework.web.filter.OncePerRequestFilter.doFilter(OncePerRequestFilter.java:117)
	at org.apache.catalina.core.ApplicationFilterChain.internalDoFilter(ApplicationFilterChain.java:189)
	at org.apache.catalina.core.ApplicationFilterChain.doFilter(ApplicationFilterChain.java:162)
	at org.springframework.web.filter.FormContentFilter.doFilterInternal(FormContentFilter.java:93)
	at org.springframework.web.filter.OncePerRequestFilter.doFilter(OncePerRequestFilter.java:117)
	at org.apache.catalina.core.ApplicationFilterChain.internalDoFilter(ApplicationFilterChain.java:189)
	at org.apache.catalina.core.ApplicationFilterChain.doFilter(ApplicationFilterChain.java:162)
	at javax.servlet.http.HttpFilter.doFilter(HttpFilter.java:97)
	at com.cqu.kapok.kapoktpls.config.CorsFilter.doFilter(CorsFilter.java:64)
	at javax.servlet.http.HttpFilter.doFilter(HttpFilter.java:57)
	at org.apache.catalina.core.ApplicationFilterChain.internalDoFilter(ApplicationFilterChain.java:189)
	at org.apache.catalina.core.ApplicationFilterChain.doFilter(ApplicationFilterChain.java:162)
	at org.springframework.web.filter.CharacterEncodingFilter.doFilterInternal(CharacterEncodingFilter.java:201)
	at org.springframework.web.filter.OncePerRequestFilter.doFilter(OncePerRequestFilter.java:117)
	at org.apache.catalina.core.ApplicationFilterChain.internalDoFilter(ApplicationFilterChain.java:189)
	at org.apache.catalina.core.ApplicationFilterChain.doFilter(ApplicationFilterChain.java:162)
	at org.apache.catalina.core.StandardWrapperValve.invoke(StandardWrapperValve.java:197)
	at org.apache.catalina.core.StandardContextValve.invoke(StandardContextValve.java:97)
	at org.apache.catalina.authenticator.AuthenticatorBase.invoke(AuthenticatorBase.java:541)
	at org.apache.catalina.core.StandardHostValve.invoke(StandardHostValve.java:135)
	at org.apache.catalina.valves.ErrorReportValve.invoke(ErrorReportValve.java:92)
	at org.apache.catalina.core.StandardEngineValve.invoke(StandardEngineValve.java:78)
	at org.apache.catalina.connector.CoyoteAdapter.service(CoyoteAdapter.java:360)
	at org.apache.coyote.http11.Http11Processor.service(Http11Processor.java:399)
	at org.apache.coyote.AbstractProcessorLight.process(AbstractProcessorLight.java:65)
	at org.apache.coyote.AbstractProtocol$ConnectionHandler.process(AbstractProtocol.java:890)
	at org.apache.tomcat.util.net.NioEndpoint$SocketProcessor.doRun(NioEndpoint.java:1743)
	at org.apache.tomcat.util.net.SocketProcessorBase.run(SocketProcessorBase.java:49)
	at org.apache.tomcat.util.threads.ThreadPoolExecutor.runWorker(ThreadPoolExecutor.java:1191)
	at org.apache.tomcat.util.threads.ThreadPoolExecutor$Worker.run(ThreadPoolExecutor.java:659)
	at org.apache.tomcat.util.threads.TaskThread$WrappingRunnable.run(TaskThread.java:61)
	at java.base/java.lang.Thread.run(Thread.java:832)
[INFO]2022-06-28 12:31:48,915 - HikariPool-1 - Starting...
[INFO]2022-06-28 12:31:51,642 - HikariPool-1 - Start completed.
[INFO]2022-06-28 12:33:12,257 - HikariPool-1 - Shutdown initiated...
[INFO]2022-06-28 12:33:12,266 - HikariPool-1 - Shutdown completed.
[INFO]2022-06-28 12:33:16,033 - Starting KapoktplsApplication using Java 14.0.2 on LAPTOP-OK5VNAG7 with PID 2040 (D:\Desktop\大三下\毕业实习\KAPOKTPLS1\target\classes started by 86173 in D:\Desktop\大三下\毕业实习\KAPOKTPLS1)
[INFO]2022-06-28 12:33:16,034 - No active profile set, falling back to 1 default profile: "default"
[INFO]2022-06-28 12:33:16,083 - Devtools property defaults active! Set 'spring.devtools.add-properties' to 'false' to disable
[INFO]2022-06-28 12:33:16,083 - For additional web related logging consider setting the 'logging.level.web' property to 'DEBUG'
[INFO]2022-06-28 12:33:17,178 - Tomcat initialized with port(s): 8080 (http)
[INFO]2022-06-28 12:33:17,185 - Initializing ProtocolHandler ["http-nio-8080"]
[INFO]2022-06-28 12:33:17,185 - Starting service [Tomcat]
[INFO]2022-06-28 12:33:17,185 - Starting Servlet engine: [Apache Tomcat/9.0.63]
[INFO]2022-06-28 12:33:17,256 - Initializing Spring embedded WebApplicationContext
[INFO]2022-06-28 12:33:17,256 - Root WebApplicationContext: initialization completed in 1172 ms
[INFO]2022-06-28 12:33:18,444 - LiveReload server is running on port 35729
[INFO]2022-06-28 12:33:18,461 - Starting ProtocolHandler ["http-nio-8080"]
[INFO]2022-06-28 12:33:18,486 - Tomcat started on port(s): 8080 (http) with context path ''
[INFO]2022-06-28 12:33:18,513 - Started KapoktplsApplication in 2.897 seconds (JVM running for 3.752)
[INFO]2022-06-28 12:33:24,497 - Initializing Spring DispatcherServlet 'dispatcherServlet'
[INFO]2022-06-28 12:33:24,498 - Initializing Servlet 'dispatcherServlet'
[INFO]2022-06-28 12:33:24,499 - Completed initialization in 1 ms
[INFO]2022-06-28 12:33:25,490 - Init duration for springdoc-openapi is: 679 ms
[INFO]2022-06-28 12:33:55,037 - HikariPool-1 - Starting...
[INFO]2022-06-28 12:33:57,719 - HikariPool-1 - Start completed.
[INFO]2022-06-28 12:37:42,576 - HikariPool-1 - Shutdown initiated...
[INFO]2022-06-28 12:37:42,581 - HikariPool-1 - Shutdown completed.
[INFO]2022-06-28 12:37:47,466 - Starting KapoktplsApplication using Java 14.0.2 on LAPTOP-OK5VNAG7 with PID 2516 (D:\Desktop\大三下\毕业实习\KAPOKTPLS1\target\classes started by 86173 in D:\Desktop\大三下\毕业实习\KAPOKTPLS1)
[INFO]2022-06-28 12:37:47,468 - No active profile set, falling back to 1 default profile: "default"
[INFO]2022-06-28 12:37:47,554 - Devtools property defaults active! Set 'spring.devtools.add-properties' to 'false' to disable
[INFO]2022-06-28 12:37:47,555 - For additional web related logging consider setting the 'logging.level.web' property to 'DEBUG'
[INFO]2022-06-28 12:37:49,341 - Tomcat initialized with port(s): 8080 (http)
[INFO]2022-06-28 12:37:49,350 - Initializing ProtocolHandler ["http-nio-8080"]
[INFO]2022-06-28 12:37:49,350 - Starting service [Tomcat]
[INFO]2022-06-28 12:37:49,351 - Starting Servlet engine: [Apache Tomcat/9.0.63]
[INFO]2022-06-28 12:37:49,434 - Initializing Spring embedded WebApplicationContext
[INFO]2022-06-28 12:37:49,434 - Root WebApplicationContext: initialization completed in 1878 ms
[INFO]2022-06-28 12:37:50,720 - LiveReload server is running on port 35729
[INFO]2022-06-28 12:37:50,735 - Starting ProtocolHandler ["http-nio-8080"]
[INFO]2022-06-28 12:37:50,758 - Tomcat started on port(s): 8080 (http) with context path ''
[INFO]2022-06-28 12:37:50,794 - Started KapoktplsApplication in 3.827 seconds (JVM running for 4.982)
[INFO]2022-06-28 12:38:05,073 - Initializing Spring DispatcherServlet 'dispatcherServlet'
[INFO]2022-06-28 12:38:05,073 - Initializing Servlet 'dispatcherServlet'
[INFO]2022-06-28 12:38:05,074 - Completed initialization in 1 ms
[INFO]2022-06-28 12:38:06,537 - Init duration for springdoc-openapi is: 746 ms
[INFO]2022-06-28 12:38:45,687 - HikariPool-1 - Starting...
[INFO]2022-06-28 12:38:48,430 - HikariPool-1 - Start completed.
[INFO]2022-06-28 12:39:04,395 - HikariPool-1 - Shutdown initiated...
[INFO]2022-06-28 12:39:04,402 - HikariPool-1 - Shutdown completed.
